Arguments: 
  /usr/local/bin/node /usr/local/bin/yarnpkg install

PATH: 
  /usr/local/bin:/usr/bin:/bin:/usr/sbin:/sbin:/Library/Apple/usr/bin:/Users/admin/Library/Android/sdk/emulator:/Users/admin/Library/Android/sdk/tools:/Users/admin/Library/Android/sdk/tools/bin:/Users/admin/Library/Android/sdk/platform-tools

Yarn version: 
  1.22.10

Node version: 
  14.17.3

Platform: 
  darwin x64

Trace: 
  Error: connect ENETUNREACH 2606:4700::6810:1023:443
      at TCPConnectWrap.afterConnect [as oncomplete] (net.js:1148:16)

npm manifest: 
  {
    "name": "my-app",
    "version": "1.0.0",
    "main": "node_modules/expo/AppEntry.js",
    "keywords": [
      "react",
      "expo",
      "template",
      "typescript",
      "nativebase"
    ],
    "license": "MIT",
    "scripts": {
      "start": "expo start",
      "android": "expo start --android",
      "ios": "expo start --ios",
      "web": "expo start --web",
      "eject": "expo eject"
    },
    "dependencies": {
      "expo": "~42.0.0",
      "expo-status-bar": "~1.0.4",
      "native-base": "3.3.7",
      "react": "16.13.1",
      "react-dom": "16.13.1",
      "react-native": "https://github.com/expo/react-native/archive/sdk-42.0.0.tar.gz",
      "react-native-safe-area-context": "3.2.0",
      "react-native-svg": "12.1.1",
      "react-native-web": "~0.13.12"
    },
    "devDependencies": {
      "@babel/core": "^7.9.0",
      "@types/react": "~16.9.35",
      "@types/react-native": "~0.63.2",
      "typescript": "~4.0.0"
    },
    "bugs": {
      "url": "https://github.com/GeekyAnts/nativebase-templates/issues"
    },
    "homepage": "https://github.com/GeekyAnts/nativebase-templates#readme",
    "author": "Aditya Jamuar",
    "private": true
  }

yarn manifest: 
  No manifest

Lockfile: 
  No lockfile
